c:\users\fdfra\documents\github\ex6_wolf\build\wolf\exercise6-wolf3d.dir\debug\vc141.pdb
c:\users\fdfra\documents\github\ex6_wolf\build\wolf\exercise6-wolf3d.dir\debug\worldmap.obj
c:\users\fdfra\documents\github\ex6_wolf\build\wolf\exercise6-wolf3d.dir\debug\wolf3d.obj
c:\users\fdfra\documents\github\ex6_wolf\build\wolf\exercise6-wolf3d.dir\debug\firstpersoncontroller.obj
c:\users\fdfra\documents\github\ex6_wolf\build\wolf\cmakefiles\generate.stamp
c:\users\fdfra\documents\github\ex6_wolf\build\wolf\debug\exercise6-wolf3d.lib
c:\users\fdfra\documents\github\ex6_wolf\build\wolf\debug\exercise6-wolf3d.exp
c:\users\fdfra\documents\github\ex6_wolf\build\wolf\debug\exercise6-wolf3d.exe
c:\users\fdfra\documents\github\ex6_wolf\build\wolf\debug\exercise6-wolf3d.ilk
c:\users\fdfra\documents\github\ex6_wolf\build\wolf\debug\exercise6-wolf3d.pdb
c:\users\fdfra\documents\github\wolfcpp\build\wolf\exercise6-wolf3d.dir\debug\firstpersoncontroller.obj
c:\users\fdfra\documents\github\wolfcpp\build\wolf\exercise6-wolf3d.dir\debug\wolf3d.obj
c:\users\fdfra\documents\github\wolfcpp\build\wolf\exercise6-wolf3d.dir\debug\worldmap.obj
c:\users\fdfra\documents\github\wolfcpp\build\wolf\exercise6-wolf3d.dir\debug\vc141.pdb
c:\users\fdfra\documents\github\wolfcpp\build\wolf\exercise6-wolf3d.dir\debug\exercise6-wolf3d.tlog\cl.command.1.tlog
c:\users\fdfra\documents\github\wolfcpp\build\wolf\exercise6-wolf3d.dir\debug\exercise6-wolf3d.tlog\cl.read.1.tlog
c:\users\fdfra\documents\github\wolfcpp\build\wolf\exercise6-wolf3d.dir\debug\exercise6-wolf3d.tlog\cl.write.1.tlog
c:\users\fdfra\documents\github\wolfcpp\build\wolf\exercise6-wolf3d.dir\debug\exercise6-wolf3d.tlog\custombuild.command.1.tlog
c:\users\fdfra\documents\github\wolfcpp\build\wolf\exercise6-wolf3d.dir\debug\exercise6-wolf3d.tlog\custombuild.read.1.tlog
c:\users\fdfra\documents\github\wolfcpp\build\wolf\exercise6-wolf3d.dir\debug\exercise6-wolf3d.tlog\custombuild.write.1.tlog
c:\users\fdfra\documents\github\wolfcpp\build\wolf\exercise6-wolf3d.dir\debug\exercise6-wolf3d.tlog\exercise6-wolf3d.write.1u.tlog
c:\users\fdfra\documents\github\wolfcpp\build\wolf\exercise6-wolf3d.dir\debug\exercise6-wolf3d.tlog\link.command.1.tlog
c:\users\fdfra\documents\github\wolfcpp\build\wolf\exercise6-wolf3d.dir\debug\exercise6-wolf3d.tlog\link.read.1.tlog
c:\users\fdfra\documents\github\wolfcpp\build\wolf\exercise6-wolf3d.dir\debug\exercise6-wolf3d.tlog\link.write.1.tlog
